Determining if the pthread_create exist failed with the following output:
Change Dir: /home/administrator/Swarmathon2016/build/rqt_rover_gui/CMakeFiles/CMakeTmp

Run Build Command:/usr/bin/make "cmTryCompileExec633144405/fast"
/usr/bin/make -f CMakeFiles/cmTryCompileExec633144405.dir/build.make CMakeFiles/cmTryCompileExec633144405.dir/build
make[1]: Entering directory `/home/administrator/Swarmathon2016/build/rqt_rover_gui/CMakeFiles/CMakeTmp'
/usr/bin/cmake -E cmake_progress_report /home/administrator/Swarmathon2016/build/rqt_rover_gui/CMakeFiles/CMakeTmp/CMakeFiles 1
Building C object CMakeFiles/cmTryCompileExec633144405.dir/CheckSymbolExists.c.o
/usr/bin/cc    -o CMakeFiles/cmTryCompileExec633144405.dir/CheckSymbolExists.c.o   -c /home/administrator/Swarmathon2016/build/rqt_rover_gui/CMakeFiles/CMakeTmp/CheckSymbolExists.c
Linking C executable cmTryCompileExec633144405
/usr/bin/cmake -E cmake_link_script CMakeFiles/cmTryCompileExec633144405.dir/link.txt --verbose=1
/usr/bin/cc       CMakeFiles/cmTryCompileExec633144405.dir/CheckSymbolExists.c.o  -o cmTryCompileExec633144405 -rdynamic 
CMakeFiles/cmTryCompileExec633144405.dir/CheckSymbolExists.c.o: In function `main':
CheckSymbolExists.c:(.text+0x16): undefined reference to `pthread_create'
collect2: error: ld returned 1 exit status
make[1]: *** [cmTryCompileExec633144405] Error 1
make[1]: Leaving directory `/home/administrator/Swarmathon2016/build/rqt_rover_gui/CMakeFiles/CMakeTmp'
make: *** [cmTryCompileExec633144405/fast] Error 2

File /home/administrator/Swarmathon2016/build/rqt_rover_gui/CMakeFiles/CMakeTmp/CheckSymbolExists.c:
/* */
#include <pthread.h>

int main(int argc, char** argv)
{
  (void)argv;
#ifndef pthread_create
  return ((int*)(&pthread_create))[argc];
#else
  (void)argc;
  return 0;
#endif
}

Determining if the function pthread_create exists in the pthreads failed with the following output:
Change Dir: /home/administrator/Swarmathon2016/build/rqt_rover_gui/CMakeFiles/CMakeTmp

Run Build Command:/usr/bin/make "cmTryCompileExec2405730655/fast"
/usr/bin/make -f CMakeFiles/cmTryCompileExec2405730655.dir/build.make CMakeFiles/cmTryCompileExec2405730655.dir/build
make[1]: Entering directory `/home/administrator/Swarmathon2016/build/rqt_rover_gui/CMakeFiles/CMakeTmp'
/usr/bin/cmake -E cmake_progress_report /home/administrator/Swarmathon2016/build/rqt_rover_gui/CMakeFiles/CMakeTmp/CMakeFiles 1
Building C object CMakeFiles/cmTryCompileExec2405730655.dir/CheckFunctionExists.c.o
/usr/bin/cc   -DCHECK_FUNCTION_EXISTS=pthread_create   -o CMakeFiles/cmTryCompileExec2405730655.dir/CheckFunctionExists.c.o   -c /usr/share/cmake-2.8/Modules/CheckFunctionExists.c
Linking C executable cmTryCompileExec2405730655
/usr/bin/cmake -E cmake_link_script CMakeFiles/cmTryCompileExec2405730655.dir/link.txt --verbose=1
/usr/bin/cc   -DCHECK_FUNCTION_EXISTS=pthread_create    CMakeFiles/cmTryCompileExec2405730655.dir/CheckFunctionExists.c.o  -o cmTryCompileExec2405730655 -rdynamic -lpthreads 
/usr/bin/ld: cannot find -lpthreads
collect2: error: ld returned 1 exit status
make[1]: Leaving directory `/home/administrator/Swarmathon2016/build/rqt_rover_gui/CMakeFiles/CMakeTmp'
make[1]: *** [cmTryCompileExec2405730655] Error 1
make: *** [cmTryCompileExec2405730655/fast] Error 2


Determining if the Q_WS_WIN exist failed with the following output:
Change Dir: /home/administrator/Swarmathon2016/build/rqt_rover_gui/CMakeFiles/CMakeTmp

Run Build Command:/usr/bin/make "cmTryCompileExec2198224090/fast"
/usr/bin/make -f CMakeFiles/cmTryCompileExec2198224090.dir/build.make CMakeFiles/cmTryCompileExec2198224090.dir/build
make[1]: Entering directory `/home/administrator/Swarmathon2016/build/rqt_rover_gui/CMakeFiles/CMakeTmp'
/usr/bin/cmake -E cmake_progress_report /home/administrator/Swarmathon2016/build/rqt_rover_gui/CMakeFiles/CMakeTmp/CMakeFiles 1
Building CXX object CMakeFiles/cmTryCompileExec2198224090.dir/CheckSymbolExists.cxx.o
/usr/bin/c++    -std=c++0x   -I/usr/include/qt4    -o CMakeFiles/cmTryCompileExec2198224090.dir/CheckSymbolExists.cxx.o -c /home/administrator/Swarmathon2016/build/rqt_rover_gui/CMakeFiles/CMakeTmp/CheckSymbolExists.cxx
/home/administrator/Swarmathon2016/build/rqt_rover_gui/CMakeFiles/CMakeTmp/CheckSymbolExists.cxx: In function ‘int main(int, char**)’:
/home/administrator/Swarmathon2016/build/rqt_rover_gui/CMakeFiles/CMakeTmp/CheckSymbolExists.cxx:8:19: error: ‘Q_WS_WIN’ was not declared in this scope
   return ((int*)(&Q_WS_WIN))[argc];
                   ^
make[1]: *** [CMakeFiles/cmTryCompileExec2198224090.dir/CheckSymbolExists.cxx.o] Error 1
make[1]: Leaving directory `/home/administrator/Swarmathon2016/build/rqt_rover_gui/CMakeFiles/CMakeTmp'
make: *** [cmTryCompileExec2198224090/fast] Error 2

File /home/administrator/Swarmathon2016/build/rqt_rover_gui/CMakeFiles/CMakeTmp/CheckSymbolExists.cxx:
/* */
#include <QtCore/qglobal.h>

int main(int argc, char** argv)
{
  (void)argv;
#ifndef Q_WS_WIN
  return ((int*)(&Q_WS_WIN))[argc];
#else
  (void)argc;
  return 0;
#endif
}

Determining if the Q_WS_QWS exist failed with the following output:
Change Dir: /home/administrator/Swarmathon2016/build/rqt_rover_gui/CMakeFiles/CMakeTmp

Run Build Command:/usr/bin/make "cmTryCompileExec2938886642/fast"
/usr/bin/make -f CMakeFiles/cmTryCompileExec2938886642.dir/build.make CMakeFiles/cmTryCompileExec2938886642.dir/build
make[1]: Entering directory `/home/administrator/Swarmathon2016/build/rqt_rover_gui/CMakeFiles/CMakeTmp'
/usr/bin/cmake -E cmake_progress_report /home/administrator/Swarmathon2016/build/rqt_rover_gui/CMakeFiles/CMakeTmp/CMakeFiles 1
Building CXX object CMakeFiles/cmTryCompileExec2938886642.dir/CheckSymbolExists.cxx.o
/usr/bin/c++    -std=c++0x   -I/usr/include/qt4    -o CMakeFiles/cmTryCompileExec2938886642.dir/CheckSymbolExists.cxx.o -c /home/administrator/Swarmathon2016/build/rqt_rover_gui/CMakeFiles/CMakeTmp/CheckSymbolExists.cxx
/home/administrator/Swarmathon2016/build/rqt_rover_gui/CMakeFiles/CMakeTmp/CheckSymbolExists.cxx: In function ‘int main(int, char**)’:
/home/administrator/Swarmathon2016/build/rqt_rover_gui/CMakeFiles/CMakeTmp/CheckSymbolExists.cxx:8:19: error: ‘Q_WS_QWS’ was not declared in this scope
   return ((int*)(&Q_WS_QWS))[argc];
                   ^
make[1]: *** [CMakeFiles/cmTryCompileExec2938886642.dir/CheckSymbolExists.cxx.o] Error 1
make[1]: Leaving directory `/home/administrator/Swarmathon2016/build/rqt_rover_gui/CMakeFiles/CMakeTmp'
make: *** [cmTryCompileExec2938886642/fast] Error 2

File /home/administrator/Swarmathon2016/build/rqt_rover_gui/CMakeFiles/CMakeTmp/CheckSymbolExists.cxx:
/* */
#include <QtCore/qglobal.h>

int main(int argc, char** argv)
{
  (void)argv;
#ifndef Q_WS_QWS
  return ((int*)(&Q_WS_QWS))[argc];
#else
  (void)argc;
  return 0;
#endif
}

Determining if the Q_WS_MAC exist failed with the following output:
Change Dir: /home/administrator/Swarmathon2016/build/rqt_rover_gui/CMakeFiles/CMakeTmp

Run Build Command:/usr/bin/make "cmTryCompileExec4038298717/fast"
/usr/bin/make -f CMakeFiles/cmTryCompileExec4038298717.dir/build.make CMakeFiles/cmTryCompileExec4038298717.dir/build
make[1]: Entering directory `/home/administrator/Swarmathon2016/build/rqt_rover_gui/CMakeFiles/CMakeTmp'
/usr/bin/cmake -E cmake_progress_report /home/administrator/Swarmathon2016/build/rqt_rover_gui/CMakeFiles/CMakeTmp/CMakeFiles 1
Building CXX object CMakeFiles/cmTryCompileExec4038298717.dir/CheckSymbolExists.cxx.o
/usr/bin/c++    -std=c++0x   -I/usr/include/qt4    -o CMakeFiles/cmTryCompileExec4038298717.dir/CheckSymbolExists.cxx.o -c /home/administrator/Swarmathon2016/build/rqt_rover_gui/CMakeFiles/CMakeTmp/CheckSymbolExists.cxx
/home/administrator/Swarmathon2016/build/rqt_rover_gui/CMakeFiles/CMakeTmp/CheckSymbolExists.cxx: In function ‘int main(int, char**)’:
/home/administrator/Swarmathon2016/build/rqt_rover_gui/CMakeFiles/CMakeTmp/CheckSymbolExists.cxx:8:19: error: ‘Q_WS_MAC’ was not declared in this scope
   return ((int*)(&Q_WS_MAC))[argc];
                   ^
make[1]: *** [CMakeFiles/cmTryCompileExec4038298717.dir/CheckSymbolExists.cxx.o] Error 1
make[1]: Leaving directory `/home/administrator/Swarmathon2016/build/rqt_rover_gui/CMakeFiles/CMakeTmp'
make: *** [cmTryCompileExec4038298717/fast] Error 2

File /home/administrator/Swarmathon2016/build/rqt_rover_gui/CMakeFiles/CMakeTmp/CheckSymbolExists.cxx:
/* */
#include <QtCore/qglobal.h>

int main(int argc, char** argv)
{
  (void)argv;
#ifndef Q_WS_MAC
  return ((int*)(&Q_WS_MAC))[argc];
#else
  (void)argc;
  return 0;
#endif
}

