Determining if the pthread_create exist failed with the following output:
Change Dir: /home/administrator/Swarmathon2016/build/mobility/CMakeFiles/CMakeTmp

Run Build Command:/usr/bin/make "cmTryCompileExec3832355018/fast"
/usr/bin/make -f CMakeFiles/cmTryCompileExec3832355018.dir/build.make CMakeFiles/cmTryCompileExec3832355018.dir/build
make[1]: Entering directory `/home/administrator/Swarmathon2016/build/mobility/CMakeFiles/CMakeTmp'
/usr/bin/cmake -E cmake_progress_report /home/administrator/Swarmathon2016/build/mobility/CMakeFiles/CMakeTmp/CMakeFiles 1
Building C object CMakeFiles/cmTryCompileExec3832355018.dir/CheckSymbolExists.c.o
/usr/bin/cc    -o CMakeFiles/cmTryCompileExec3832355018.dir/CheckSymbolExists.c.o   -c /home/administrator/Swarmathon2016/build/mobility/CMakeFiles/CMakeTmp/CheckSymbolExists.c
Linking C executable cmTryCompileExec3832355018
/usr/bin/cmake -E cmake_link_script CMakeFiles/cmTryCompileExec3832355018.dir/link.txt --verbose=1
/usr/bin/cc       CMakeFiles/cmTryCompileExec3832355018.dir/CheckSymbolExists.c.o  -o cmTryCompileExec3832355018 -rdynamic 
CMakeFiles/cmTryCompileExec3832355018.dir/CheckSymbolExists.c.o: In function `main':
CheckSymbolExists.c:(.text+0x16): undefined reference to `pthread_create'
collect2: error: ld returned 1 exit status
make[1]: *** [cmTryCompileExec3832355018] Error 1
make[1]: Leaving directory `/home/administrator/Swarmathon2016/build/mobility/CMakeFiles/CMakeTmp'
make: *** [cmTryCompileExec3832355018/fast] Error 2

File /home/administrator/Swarmathon2016/build/mobility/CMakeFiles/CMakeTmp/CheckSymbolExists.c:
/* */
#include <pthread.h>

int main(int argc, char** argv)
{
  (void)argv;
#ifndef pthread_create
  return ((int*)(&pthread_create))[argc];
#else
  (void)argc;
  return 0;
#endif
}

Determining if the function pthread_create exists in the pthreads failed with the following output:
Change Dir: /home/administrator/Swarmathon2016/build/mobility/CMakeFiles/CMakeTmp

Run Build Command:/usr/bin/make "cmTryCompileExec325757589/fast"
/usr/bin/make -f CMakeFiles/cmTryCompileExec325757589.dir/build.make CMakeFiles/cmTryCompileExec325757589.dir/build
make[1]: Entering directory `/home/administrator/Swarmathon2016/build/mobility/CMakeFiles/CMakeTmp'
/usr/bin/cmake -E cmake_progress_report /home/administrator/Swarmathon2016/build/mobility/CMakeFiles/CMakeTmp/CMakeFiles 1
Building C object CMakeFiles/cmTryCompileExec325757589.dir/CheckFunctionExists.c.o
/usr/bin/cc   -DCHECK_FUNCTION_EXISTS=pthread_create   -o CMakeFiles/cmTryCompileExec325757589.dir/CheckFunctionExists.c.o   -c /usr/share/cmake-2.8/Modules/CheckFunctionExists.c
Linking C executable cmTryCompileExec325757589
/usr/bin/cmake -E cmake_link_script CMakeFiles/cmTryCompileExec325757589.dir/link.txt --verbose=1
/usr/bin/cc   -DCHECK_FUNCTION_EXISTS=pthread_create    CMakeFiles/cmTryCompileExec325757589.dir/CheckFunctionExists.c.o  -o cmTryCompileExec325757589 -rdynamic -lpthreads 
/usr/bin/ld: cannot find -lpthreads
collect2: error: ld returned 1 exit status
make[1]: Leaving directory `/home/administrator/Swarmathon2016/build/mobility/CMakeFiles/CMakeTmp'
make[1]: *** [cmTryCompileExec325757589] Error 1
make: *** [cmTryCompileExec325757589/fast] Error 2


