Determining if the pthread_create exist failed with the following output:
Change Dir: /home/administrator/Swarmathon2016/build/shared_messages/CMakeFiles/CMakeTmp

Run Build Command:/usr/bin/make "cmTryCompileExec4290943939/fast"
/usr/bin/make -f CMakeFiles/cmTryCompileExec4290943939.dir/build.make CMakeFiles/cmTryCompileExec4290943939.dir/build
make[1]: Entering directory `/home/administrator/Swarmathon2016/build/shared_messages/CMakeFiles/CMakeTmp'
/usr/bin/cmake -E cmake_progress_report /home/administrator/Swarmathon2016/build/shared_messages/CMakeFiles/CMakeTmp/CMakeFiles 1
Building C object CMakeFiles/cmTryCompileExec4290943939.dir/CheckSymbolExists.c.o
/usr/bin/cc    -o CMakeFiles/cmTryCompileExec4290943939.dir/CheckSymbolExists.c.o   -c /home/administrator/Swarmathon2016/build/shared_messages/CMakeFiles/CMakeTmp/CheckSymbolExists.c
Linking C executable cmTryCompileExec4290943939
/usr/bin/cmake -E cmake_link_script CMakeFiles/cmTryCompileExec4290943939.dir/link.txt --verbose=1
/usr/bin/cc       CMakeFiles/cmTryCompileExec4290943939.dir/CheckSymbolExists.c.o  -o cmTryCompileExec4290943939 -rdynamic 
CMakeFiles/cmTryCompileExec4290943939.dir/CheckSymbolExists.c.o: In function `main':
CheckSymbolExists.c:(.text+0x16): undefined reference to `pthread_create'
collect2: error: ld returned 1 exit status
make[1]: *** [cmTryCompileExec4290943939] Error 1
make[1]: Leaving directory `/home/administrator/Swarmathon2016/build/shared_messages/CMakeFiles/CMakeTmp'
make: *** [cmTryCompileExec4290943939/fast] Error 2

File /home/administrator/Swarmathon2016/build/shared_messages/CMakeFiles/CMakeTmp/CheckSymbolExists.c:
/* */
#include <pthread.h>

int main(int argc, char** argv)
{
  (void)argv;
#ifndef pthread_create
  return ((int*)(&pthread_create))[argc];
#else
  (void)argc;
  return 0;
#endif
}

Determining if the function pthread_create exists in the pthreads failed with the following output:
Change Dir: /home/administrator/Swarmathon2016/build/shared_messages/CMakeFiles/CMakeTmp

Run Build Command:/usr/bin/make "cmTryCompileExec991144325/fast"
/usr/bin/make -f CMakeFiles/cmTryCompileExec991144325.dir/build.make CMakeFiles/cmTryCompileExec991144325.dir/build
make[1]: Entering directory `/home/administrator/Swarmathon2016/build/shared_messages/CMakeFiles/CMakeTmp'
/usr/bin/cmake -E cmake_progress_report /home/administrator/Swarmathon2016/build/shared_messages/CMakeFiles/CMakeTmp/CMakeFiles 1
Building C object CMakeFiles/cmTryCompileExec991144325.dir/CheckFunctionExists.c.o
/usr/bin/cc   -DCHECK_FUNCTION_EXISTS=pthread_create   -o CMakeFiles/cmTryCompileExec991144325.dir/CheckFunctionExists.c.o   -c /usr/share/cmake-2.8/Modules/CheckFunctionExists.c
Linking C executable cmTryCompileExec991144325
/usr/bin/cmake -E cmake_link_script CMakeFiles/cmTryCompileExec991144325.dir/link.txt --verbose=1
/usr/bin/cc   -DCHECK_FUNCTION_EXISTS=pthread_create    CMakeFiles/cmTryCompileExec991144325.dir/CheckFunctionExists.c.o  -o cmTryCompileExec991144325 -rdynamic -lpthreads 
/usr/bin/ld: cannot find -lpthreads
collect2: error: ld returned 1 exit status
make[1]: *** [cmTryCompileExec991144325] Error 1
make[1]: Leaving directory `/home/administrator/Swarmathon2016/build/shared_messages/CMakeFiles/CMakeTmp'
make: *** [cmTryCompileExec991144325/fast] Error 2


